\BOOKMARK [0][-]{Doc-Start}{Remerciements}{}% 1
\BOOKMARK [0][-]{chapter*.1}{Introduction}{}% 2
\BOOKMARK [0][-]{chapter.1}{Continental}{}% 3
\BOOKMARK [1][-]{section.1.1}{Organisation de l'entreprise}{chapter.1}% 4
\BOOKMARK [1][-]{section.1.2}{Le contexte de l'\351quipe TAS}{chapter.1}% 5
\BOOKMARK [0][-]{chapter.2}{Le probl\350me}{}% 6
\BOOKMARK [1][-]{section.2.1}{Composant logiciel tiers}{chapter.2}% 7
\BOOKMARK [1][-]{section.2.2}{Les tests du << plugin >> Ford}{chapter.2}% 8
\BOOKMARK [1][-]{section.2.3}{La solution : GreenT}{chapter.2}% 9
\BOOKMARK [0][-]{chapter.3}{Organisation du d\351veloppement}{}% 10
\BOOKMARK [1][-]{section.3.1}{L'\351quipe de d\351veloppement}{chapter.3}% 11
\BOOKMARK [1][-]{section.3.2}{Les m\351thodes de travail}{chapter.3}% 12
\BOOKMARK [1][-]{section.3.3}{Outils de d\351veloppement}{chapter.3}% 13
\BOOKMARK [0][-]{chapter.4}{GreenT : fonctionnement g\351n\351ral}{}% 14
\BOOKMARK [1][-]{section.4.1}{Le fichier Walkthrough}{chapter.4}% 15
\BOOKMARK [1][-]{section.4.2}{Fonctionnement Global}{chapter.4}% 16
\BOOKMARK [1][-]{section.4.3}{Les fonctionnalit\351s du Client}{chapter.4}% 17
\BOOKMARK [1][-]{section.4.4}{Les fonctionnalit\351s des serveurs}{chapter.4}% 18
\BOOKMARK [0][-]{chapter.5}{Ma collaboration au projet}{}% 19
\BOOKMARK [1][-]{section.5.1}{La difficult\351 de productions de rapports}{chapter.5}% 20
\BOOKMARK [1][-]{section.5.2}{L'arriv\351e des projets multi-core}{chapter.5}% 21
\BOOKMARK [1][-]{section.5.3}{G\351n\351ralisation de l'outil \340 d'autres projets}{chapter.5}% 22
\BOOKMARK [1][-]{section.5.4}{La difficult\351 de synchronisation des traces}{chapter.5}% 23
\BOOKMARK [1][-]{section.5.5}{Le support et la maintenance}{chapter.5}% 24
\BOOKMARK [0][-]{chapter.6}{Bilans}{}% 25
\BOOKMARK [1][-]{section.6.1}{Bilan pour Continental}{chapter.6}% 26
\BOOKMARK [1][-]{section.6.2}{Bilan personnel}{chapter.6}% 27
\BOOKMARK [0][-]{appendix.A}{Acronymes et Glossaire}{}% 28
\BOOKMARK [0][-]{appendix.B}{R\351f\351rences}{}% 29
\BOOKMARK [1][-]{section.B.1}{Documentations}{appendix.B}% 30
\BOOKMARK [1][-]{section.B.2}{Livres}{appendix.B}% 31
\BOOKMARK [1][-]{section.B.3}{Cours magistraux}{appendix.B}% 32
\BOOKMARK [1][-]{section.B.4}{Sites Web et forums}{appendix.B}% 33
\BOOKMARK [0][-]{appendix.C}{Exemple de rapport g\351n\351r\351 par GreenT}{}% 34
\BOOKMARK [0][-]{appendix.D}{Exemples de fichiers g\351n\351r\351s}{}% 35
\BOOKMARK [1][-]{section.D.1}{Exemple de StimScenario}{appendix.D}% 36
\BOOKMARK [1][-]{section.D.2}{Exemple de GreenTTest}{appendix.D}% 37
\BOOKMARK [0][-]{appendix.E}{Table des figures}{}% 38
\BOOKMARK [0][-]{appendix.F}{Liste des codes sources}{}% 39
