This is pdfTeX, Version 3.14159265-2.6-1.40.15 (TeX Live 2014) (preloaded format=pdflatex 2015.1.3)  19 MAR 2015 00:02
entering extended mode
 restricted \write18 enabled.
 %&-line parsing enabled.
**contents/results.tex
(./contents/results.tex
LaTeX2e <2011/06/27>
Babel <3.9k> and hyphenation patterns for 3 languages loaded.
! Undefined control sequence.
l.1 \subsection
               {La méthodologie}
? x
 
Here is how much of TeX's memory you used:
 6 strings out of 494990
 154 string characters out of 6180640
 46014 words of memory out of 5000000
 3322 multiletter control sequences out of 15000+600000
 3640 words of font info for 14 fonts, out of 8000000 for 9000
 34 hyphenation exceptions out of 8191
 5i,0n,1p,54b,8s stack positions out of 5000i,500n,10000p,200000b,80000s
No pages of output.
PDF statistics:
 0 PDF objects out of 1000 (max. 8388607)
 0 named destinations out of 1000 (max. 500000)
 1 words of extra memory for PDF output out of 10000 (max. 10000000)

